This file contains any messages produced by compilers while
running configure, to aid debugging if configure makes a mistake.

It was created by GNU C Library configure (see version.h), which was
generated by GNU Autoconf 2.69.  Invocation command line was

  $ ../configure --prefix=/dbg

## --------- ##
## Platform. ##
## --------- ##

hostname = iZ2ze1iwwrndoe8xqc0wtfZ
uname -m = x86_64
uname -r = 5.11.0-051100-generic
uname -s = Linux
uname -v = #202102142330 SMP Sun Feb 14 23:33:21 UTC 2021

/usr/bin/uname -p = unknown
/bin/uname -X     = unknown

/bin/arch              = unknown
/usr/bin/arch -k       = unknown
/usr/convex/getsysinfo = unknown
/usr/bin/hostinfo      = unknown
/bin/machine           = unknown
/usr/bin/oslevel       = unknown
/bin/universe          = unknown

PATH: /usr/local/sbin
PATH: /usr/local/bin
PATH: /usr/sbin
PATH: /usr/bin
PATH: /sbin
PATH: /bin
PATH: /usr/games
PATH: /usr/local/games
PATH: /snap/bin


## ----------- ##
## Core tests. ##
## ----------- ##

configure:2188: checking build system type
configure:2202: result: x86_64-pc-linux-gnu
configure:2222: checking host system type
configure:2235: result: x86_64-pc-linux-gnu
configure:2304: checking for gcc
configure:2320: found /usr/bin/gcc
configure:2331: result: gcc
configure:2560: checking for C compiler version
configure:2569: gcc --version >&5
gcc (Ubuntu 7.5.0-3ubuntu1~18.04) 7.5.0
Copyright (C) 2017 Free Software Foundation, Inc.
This is free software; see the source for copying conditions.  There is NO
warranty; not even for MERCHANTABILITY or FITNESS FOR A PARTICULAR PURPOSE.

configure:2580: $? = 0
configure:2569: gcc -v >&5
Using built-in specs.
COLLECT_GCC=gcc
COLLECT_LTO_WRAPPER=/usr/lib/gcc/x86_64-linux-gnu/7/lto-wrapper
OFFLOAD_TARGET_NAMES=nvptx-none
OFFLOAD_TARGET_DEFAULT=1
Target: x86_64-linux-gnu
Configured with: ../src/configure -v --with-pkgversion='Ubuntu 7.5.0-3ubuntu1~18.04' --with-bugurl=file:///usr/share/doc/gcc-7/README.Bugs --enable-languages=c,ada,c++,go,brig,d,fortran,objc,obj-c++ --prefix=/usr --with-gcc-major-version-only --program-suffix=-7 --program-prefix=x86_64-linux-gnu- --enable-shared --enable-linker-build-id --libexecdir=/usr/lib --without-included-gettext --enable-threads=posix --libdir=/usr/lib --enable-nls --enable-bootstrap --enable-clocale=gnu --enable-libstdcxx-debug --enable-libstdcxx-time=yes --with-default-libstdcxx-abi=new --enable-gnu-unique-object --disable-vtable-verify --enable-libmpx --enable-plugin --enable-default-pie --with-system-zlib --with-target-system-zlib --enable-objc-gc=auto --enable-multiarch --disable-werror --with-arch-32=i686 --with-abi=m64 --with-multilib-list=m32,m64,mx32 --enable-multilib --with-tune=generic --enable-offload-targets=nvptx-none --without-cuda-driver --enable-checking=release --build=x86_64-linux-gnu --host=x86_64-linux-gnu --target=x86_64-linux-gnu
Thread model: posix
gcc version 7.5.0 (Ubuntu 7.5.0-3ubuntu1~18.04) 
configure:2580: $? = 0
configure:2569: gcc -V >&5
gcc: error: unrecognized command line option '-V'
gcc: fatal error: no input files
compilation terminated.
configure:2580: $? = 1
configure:2569: gcc -qversion >&5
gcc: error: unrecognized command line option '-qversion'; did you mean '--version'?
gcc: fatal error: no input files
compilation terminated.
configure:2580: $? = 1
configure:2585: checking for suffix of object files
configure:2607: gcc -c   conftest.c >&5
configure:2611: $? = 0
configure:2632: result: o
configure:2636: checking whether we are using the GNU C compiler
configure:2655: gcc -c   conftest.c >&5
configure:2655: $? = 0
configure:2664: result: yes
configure:2673: checking whether gcc accepts -g
configure:2693: gcc -c -g  conftest.c >&5
configure:2693: $? = 0
configure:2734: result: yes
configure:2854: checking for readelf
configure:2870: found /usr/bin/readelf
configure:2881: result: readelf
configure:2963: checking for g++
configure:2979: found /usr/bin/g++
configure:2990: result: g++
configure:3017: checking for C++ compiler version
configure:3026: g++ --version >&5
g++ (Ubuntu 7.5.0-3ubuntu1~18.04) 7.5.0
Copyright (C) 2017 Free Software Foundation, Inc.
This is free software; see the source for copying conditions.  There is NO
warranty; not even for MERCHANTABILITY or FITNESS FOR A PARTICULAR PURPOSE.

configure:3037: $? = 0
configure:3026: g++ -v >&5
Using built-in specs.
COLLECT_GCC=g++
COLLECT_LTO_WRAPPER=/usr/lib/gcc/x86_64-linux-gnu/7/lto-wrapper
OFFLOAD_TARGET_NAMES=nvptx-none
OFFLOAD_TARGET_DEFAULT=1
Target: x86_64-linux-gnu
Configured with: ../src/configure -v --with-pkgversion='Ubuntu 7.5.0-3ubuntu1~18.04' --with-bugurl=file:///usr/share/doc/gcc-7/README.Bugs --enable-languages=c,ada,c++,go,brig,d,fortran,objc,obj-c++ --prefix=/usr --with-gcc-major-version-only --program-suffix=-7 --program-prefix=x86_64-linux-gnu- --enable-shared --enable-linker-build-id --libexecdir=/usr/lib --without-included-gettext --enable-threads=posix --libdir=/usr/lib --enable-nls --enable-bootstrap --enable-clocale=gnu --enable-libstdcxx-debug --enable-libstdcxx-time=yes --with-default-libstdcxx-abi=new --enable-gnu-unique-object --disable-vtable-verify --enable-libmpx --enable-plugin --enable-default-pie --with-system-zlib --with-target-system-zlib --enable-objc-gc=auto --enable-multiarch --disable-werror --with-arch-32=i686 --with-abi=m64 --with-multilib-list=m32,m64,mx32 --enable-multilib --with-tune=generic --enable-offload-targets=nvptx-none --without-cuda-driver --enable-checking=release --build=x86_64-linux-gnu --host=x86_64-linux-gnu --target=x86_64-linux-gnu
Thread model: posix
gcc version 7.5.0 (Ubuntu 7.5.0-3ubuntu1~18.04) 
configure:3037: $? = 0
configure:3026: g++ -V >&5
g++: error: unrecognized command line option '-V'
g++: fatal error: no input files
compilation terminated.
configure:3037: $? = 1
configure:3026: g++ -qversion >&5
g++: error: unrecognized command line option '-qversion'; did you mean '--version'?
g++: fatal error: no input files
compilation terminated.
configure:3037: $? = 1
configure:3041: checking whether we are using the GNU C++ compiler
configure:3060: g++ -c   conftest.cpp >&5
configure:3060: $? = 0
configure:3069: result: yes
configure:3078: checking whether g++ accepts -g
configure:3098: g++ -c -g  conftest.cpp >&5
configure:3098: $? = 0
configure:3139: result: yes
configure:3164: checking whether g++ can link programs
configure:3187: g++ -o conftest -g -O2   conftest.cpp  >&5
configure:3187: $? = 0
configure:3210: g++ -o conftest -g -O2   -static conftest.cpp  >&5
configure:3210: $? = 0
configure:3225: result: yes
configure:3721: checking for sysdeps preconfigure fragments
configure:9: checking whether gcc compiles in -mx32 mode by default
configure:27: gcc -c -g -O2  conftest.c >&5
conftest.c:12:3: error: #error not x32
 # error not x32
   ^~~~~
configure:27: $? = 1
configure: failed program was:
| /* confdefs.h */
| #define PACKAGE_NAME "GNU C Library"
| #define PACKAGE_TARNAME "glibc"
| #define PACKAGE_VERSION "(see version.h)"
| #define PACKAGE_STRING "GNU C Library (see version.h)"
| #define PACKAGE_BUGREPORT "http://sourceware.org/bugzilla/"
| #define PACKAGE_URL "http://www.gnu.org/software/glibc/"
| #define PKGVERSION "(GNU libc) "
| #define REPORT_BUGS_TO "<http://www.gnu.org/software/libc/bugs.html>"
| /* end confdefs.h.  */
| #ifndef __ILP32__
| # error not x32
| #endif
| int
| main ()
| {
| 
|   ;
|   return 0;
| }
configure:34: result: no
configure:3728: result: 
configure:3799: running configure fragment for add-on fbtl
configure:3799: running configure fragment for add-on libidn
configure:3799: running configure fragment for add-on libpthread
configure:3895: checking for assembler and linker STT_GNU_IFUNC support

Relocation section '.rela.dyn' at offset 0x2f0 contains 1 entry:
  Offset          Info           Type           Sym. Value    Sym. Name + Addend
000000002000  000000000025 R_X86_64_IRELATIV                    1000
configure:3926: result: yes
configure:3944: checking sysdep dirs
configure:4166: result: sysdeps/generic
configure:4191: WARNING: add-on debian contributed no sysdeps directories
configure:4243: checking for a BSD-compatible install
configure:4311: result: /usr/bin/install -c
configure:4326: checking whether ln -s works
configure:4330: result: yes
configure:4354: checking whether as is GNU as
configure:4368: result: yes
configure:4373: checking whether ld is GNU ld
configure:4387: result: yes
configure:4397: checking for as
configure:4424: result: as
configure:4439: checking version of as
configure:4449: result: 2.36.1, ok
configure:4460: checking for ld
configure:4487: result: ld
configure:4502: checking version of ld
configure:4512: result: 2.36.1, ok
configure:4526: checking for gnumake
configure:4556: result: no
configure:4526: checking for gmake
configure:4556: result: no
configure:4526: checking for make
configure:4542: found /usr/bin/make
configure:4553: result: make
configure:4568: checking version of make
configure:4578: result: 4.1, ok
configure:4590: checking for gnumsgfmt
configure:4620: result: no
configure:4590: checking for gmsgfmt
configure:4620: result: no
configure:4590: checking for msgfmt
configure:4606: found /usr/bin/msgfmt
configure:4617: result: msgfmt
configure:4632: checking version of msgfmt
configure:4642: result: 0.19.8.1, ok
configure:4653: checking for makeinfo
configure:4669: found /usr/bin/makeinfo
configure:4680: result: makeinfo
configure:4695: checking version of makeinfo
configure:4705: result: 6.5, ok
configure:4716: checking for sed
configure:4732: found /bin/sed
configure:4743: result: sed
configure:4758: checking version of sed
configure:4768: result: 4.4, ok
configure:4779: checking for gawk
configure:4795: found /usr/bin/gawk
configure:4806: result: gawk
configure:4821: checking version of gawk
configure:4831: result: 4.1.4, ok
configure:4839: checking if gcc is sufficient to build libc
configure:4859: gcc -c -g -O2  conftest.c >&5
configure:4859: $? = 0
configure:4866: result: yes
configure:4915: checking for nm
configure:4931: found /usr/bin/nm
configure:4942: result: nm
configure:5078: checking LD_LIBRARY_PATH variable
configure:5088: result: ok
configure:5099: checking for bash
configure:5117: found /bin/bash
configure:5130: result: /bin/bash
configure:5141: checking for perl
configure:5159: found /usr/bin/perl
configure:5172: result: /usr/bin/perl
configure:5186: checking for install-info
configure:5205: found /usr/bin/install-info
configure:5218: result: /usr/bin/install-info
configure:5230: checking for bison
configure:5246: found /usr/bin/bison
configure:5257: result: bison
configure:5272: checking version of bison
configure:5282: result: 3.0.4, ok
configure:5290: checking for .set assembler directive
configure:5316: result: yes
configure:5323: checking linker support for protected data symbol
configure:5333: gcc -nostdlib -nostartfiles -fPIC -shared conftest.c -o conftest.so
configure:5336: $? = 0
configure:5343: gcc -nostdlib -nostartfiles conftest.c -o conftest conftest.so
/usr/local/bin/ld: warning: cannot find entry symbol _start; defaulting to 0000000000001000
configure:5346: $? = 0
configure:5354: result: yes
configure:5358: checking for broken __attribute__((alias()))
configure:5373: gcc -Werror -S conftest.c -o conftest.s 1>&5
configure:5376: $? = 0
configure:5386: result: no
configure:5392: checking whether to put _rtld_local into .sdata section
configure:5406: result: no
configure:5413: checking whether to use .ctors/.dtors header and trailer
configure:5430: gcc -g -O2   -o conftest
		       conftest.c -static -nostartfiles -nostdlib
		       1>&5
configure:5433: $? = 0
configure:5459: result: no
configure:5466: checking for libunwind-support in compiler
configure:5483: result: no
configure:5492: checking whether --noexecstack is desirable for .S files
configure:5502: gcc -g -O2 
		   -S -o conftest.s conftest.c 1>&5
configure:5505: $? = 0
configure:5510: gcc  -Wa,--noexecstack
		      -c -o conftest.o conftest.s 1>&5
configure:5513: $? = 0
configure:5522: result: yes
configure:5529: checking for -z combreloc
configure:5543: gcc -g -O2  
			-fPIC -shared -o conftest.so conftest.c
			-nostdlib -nostartfiles
			-Wl,-z,combreloc 1>&5
configure:5546: $? = 0
configure:5559: result: yes
configure:5567: checking for linker that supports -z execstack
configure:5580: gcc -g -O2  
				-Wl,-z,execstack -nostdlib -nostartfiles
				-fPIC -shared -o conftest.so conftest.c
				1>&5
configure:5583: $? = 0
configure:5596: result: yes
configure:5600: checking for -fpie
configure:5606: gcc -fpie -xc /dev/null -S -o /dev/null
configure:5609: $? = 0
configure:5617: result: yes
configure:5622: checking for --hash-style option
configure:5633: gcc -g -O2  
			    -fPIC -shared -o conftest.so conftest.c
			    -Wl,--hash-style=both -nostdlib 1>&5
configure:5636: $? = 0
configure:5645: result: yes
configure:5653: checking for sufficient default -shared layout
configure:5672:   gcc  -shared -o conftest.so conftest.s 1>&5
configure:5675: $? = 0
configure:5707: result: yes
configure:5712: checking for GLOB_DAT reloc
configure:5725: gcc -g -O2  
			-fPIC -shared -o conftest.so conftest.c
			-nostdlib -nostartfiles
			1>&5
configure:5728: $? = 0
configure:5741: result: yes
configure:5745: checking linker output format
configure:5759: result: elf64-x86-64
configure:5763: checking for -fno-toplevel-reorder -fno-section-anchors
configure:5773: gcc -g -O2  -S -fno-toplevel-reorder -fno-section-anchors
			    conftest.c 1>&5
configure:5776: $? = 0
configure:5785: result: yes
configure:5794: checking for -fstack-protector
configure:5800: gcc -g -O2  -Werror -fstack-protector -xc /dev/null -S -o /dev/null
configure:5803: $? = 0
configure:5811: result: yes
configure:5814: checking for -fstack-protector-strong
configure:5820: gcc -g -O2  -Werror -fstack-protector-strong -xc /dev/null -S -o /dev/null
configure:5823: $? = 0
configure:5831: result: yes
configure:5842: checking whether cc puts quotes around section names
configure:5863: result: no
configure:5870: checking for __builtin_memset
configure:5882: gcc -O3 -S conftest.c -o - | fgrep memset > /dev/null
configure:5885: $? = 1
configure:5894: result: yes
configure:5901: checking for redirection of built-in functions
configure:5914: gcc -O3 -S conftest.c -o - | fgrep my_strstr > /dev/null
configure:5917: $? = 0
configure:5926: result: yes
configure:5932: checking for compiler option to disable generation of FMA instructions
configure:5940: gcc -ffp-contract=off -xc /dev/null -S -o /dev/null
configure:5943: $? = 0
configure:5949: result: -ffp-contract=off
configure:5982: checking if gcc accepts -fno-tree-loop-distribute-patterns with __attribute__ ((__optimize__))
configure:5995: gcc -g -O2  -c conftest.c
configure:5998: $? = 0
configure:6005: result: yes
configure:6013: checking for libgd
configure:6033: gcc -o conftest -g -O2     conftest.c  -lgd -lpng -lz -lm >&5
conftest.c:18:10: fatal error: gd.h: No such file or directory
 #include <gd.h>
          ^~~~~~
compilation terminated.
configure:6033: $? = 1
configure: failed program was:
| /* confdefs.h */
| #define PACKAGE_NAME "GNU C Library"
| #define PACKAGE_TARNAME "glibc"
| #define PACKAGE_VERSION "(see version.h)"
| #define PACKAGE_STRING "GNU C Library (see version.h)"
| #define PACKAGE_BUGREPORT "http://sourceware.org/bugzilla/"
| #define PACKAGE_URL "http://www.gnu.org/software/glibc/"
| #define PKGVERSION "(GNU libc) "
| #define REPORT_BUGS_TO "<http://www.gnu.org/software/libc/bugs.html>"
| #define HAVE_LIBIDN 1
| #define USE_MULTIARCH 1
| #define HAVE_ASM_SET_DIRECTIVE 1
| #define NO_CTORS_DTORS_SECTIONS 1
| #define HAVE_Z_COMBRELOC 1
| #define HAVE_BUILTIN_MEMSET 1
| #define HAVE_CC_INHIBIT_LOOP_TO_LIBCALL 1
| /* end confdefs.h.  */
| #include <gd.h>
| int
| main ()
| {
| gdImagePng (0, 0)
|   ;
|   return 0;
| }
configure:6046: result: no
configure:6055: checking for is_selinux_enabled in -lselinux
configure:6080: gcc -o conftest -g -O2   conftest.c -lselinux   >&5
configure:6080: $? = 0
configure:6089: result: yes
configure:6110: checking for audit_log_user_avc_message in -laudit
configure:6135: gcc -o conftest -g -O2   conftest.c -laudit   >&5
configure:6135: $? = 0
configure:6144: result: yes
configure:6160: checking for cap_init in -lcap
configure:6185: gcc -o conftest -g -O2   conftest.c -lcap   >&5
configure:6185: $? = 0
configure:6194: result: yes
configure:6212: checking for _FORTIFY_SOURCE predefine
configure:6231: gcc -c -g -O2  conftest.c >&5
conftest.c: In function 'main':
conftest.c:27:3: error: #error bogon
 # error bogon
   ^~~~~
configure:6231: $? = 1
configure: failed program was:
| /* confdefs.h */
| #define PACKAGE_NAME "GNU C Library"
| #define PACKAGE_TARNAME "glibc"
| #define PACKAGE_VERSION "(see version.h)"
| #define PACKAGE_STRING "GNU C Library (see version.h)"
| #define PACKAGE_BUGREPORT "http://sourceware.org/bugzilla/"
| #define PACKAGE_URL "http://www.gnu.org/software/glibc/"
| #define PKGVERSION "(GNU libc) "
| #define REPORT_BUGS_TO "<http://www.gnu.org/software/libc/bugs.html>"
| #define HAVE_LIBIDN 1
| #define USE_MULTIARCH 1
| #define HAVE_ASM_SET_DIRECTIVE 1
| #define NO_CTORS_DTORS_SECTIONS 1
| #define HAVE_Z_COMBRELOC 1
| #define HAVE_BUILTIN_MEMSET 1
| #define HAVE_CC_INHIBIT_LOOP_TO_LIBCALL 1
| #define HAVE_SELINUX 1
| #define HAVE_LIBAUDIT 1
| #define HAVE_LIBCAP 1
| /* end confdefs.h.  */
| 
| int
| main ()
| {
| 
| #ifdef _FORTIFY_SOURCE
| # error bogon
| #endif
|   ;
|   return 0;
| }
configure:6238: result: yes
configure:6245: checking whether gcc implicitly enables -fstack-protector
configure:6262: gcc -c -g -O2  conftest.c >&5
configure:6262: $? = 0
libc_undefs='_GLOBAL_OFFSET_TABLE_
__stack_chk_fail
foobar'
configure:6289: result: yes
configure:6300: checking whether the linker provides working __ehdr_start
configure:6323: gcc -o conftest -g -O2 -fPIC   -nostdlib -nostartfiles -shared conftest.c  >&5
configure:6323: $? = 0
configure:6339: result: yes
configure:6349: checking for __builtin_trap with no external dependencies
configure:6366: gcc -c -g -O2  conftest.c >&5
configure:6366: $? = 0
libc_undefs=''
configure:6380: result: yes
configure:6394: checking whether the C++ compiler supports thread_local
configure:6422: g++ -c -g -O2 -std=gnu++11  conftest.cpp >&5
configure:6422: $? = 0
configure:6431: result: yes
configure:6461: result: running configure fragment for sysdeps/unix/sysv/linux/x86_64/64
configure:6461: result: running configure fragment for sysdeps/unix/sysv/linux/x86_64
configure:6461: result: running configure fragment for sysdeps/unix/sysv/linux
configure:40: checking installed Linux kernel header files
configure:59: gcc -c -g -O2  conftest.c >&5
configure:59: $? = 0
configure:66: result: 2.6.32 or later
configure:100: checking for kernel header at least 2.6.32
configure:118: gcc -c -g -O2  conftest.c >&5
configure:118: $? = 0
configure:124: result: ok
configure:142: checking for linux/fanotify.h
configure:142: gcc -c -g -O2  conftest.c >&5
configure:142: $? = 0
configure:142: result: yes
configure:184: checking for symlinks in /dbg/include
configure:201: result: ok
configure:6461: result: running configure fragment for sysdeps/gnu
configure:6461: result: running configure fragment for sysdeps/x86_64
configure:4: checking for AVX512 support in assembler
configure:14: gcc -c  conftest.s 1>&5
configure:17: $? = 0
configure:25: result: yes
configure:32: checking for AVX512 support
configure:38: gcc -mavx512f -xc /dev/null -S -o /dev/null
configure:41: $? = 0
configure:49: result: yes
configure:58: checking for Intel MPX support
configure:67: gcc -c  conftest.s 1>&5
configure:70: $? = 0
configure:78: result: yes
configure:6517: checking whether -fPIC is default
conftest.c:2:3: error: #error PIC is default.
 # error PIC is default.
   ^~~~~
configure:6533: result: yes
configure:6537: checking whether -fPIE is default
conftest.c:2:3: error: #error PIE is default.
 # error PIE is default.
   ^~~~~
configure:6553: result: yes
configure:6687: creating ./config.status

## ---------------------- ##
## Running config.status. ##
## ---------------------- ##

This file was extended by GNU C Library config.status (see version.h), which was
generated by GNU Autoconf 2.69.  Invocation command line was

  CONFIG_FILES    = 
  CONFIG_HEADERS  = 
  CONFIG_LINKS    = 
  CONFIG_COMMANDS = 
  $ ./config.status 

on iZ2ze1iwwrndoe8xqc0wtfZ

config.status:934: creating config.make
config.status:934: creating Makefile
config.status:934: creating config.h
config.status:1108: executing default commands

## ---------------- ##
## Cache variables. ##
## ---------------- ##

ac_cv_build=x86_64-pc-linux-gnu
ac_cv_c_compiler_gnu=yes
ac_cv_cxx_compiler_gnu=yes
ac_cv_env_CCC_set=
ac_cv_env_CCC_value=
ac_cv_env_CC_set=
ac_cv_env_CC_value=
ac_cv_env_CFLAGS_set=
ac_cv_env_CFLAGS_value=
ac_cv_env_CPPFLAGS_set=
ac_cv_env_CPPFLAGS_value=
ac_cv_env_CPP_set=
ac_cv_env_CPP_value=
ac_cv_env_CXXFLAGS_set=
ac_cv_env_CXXFLAGS_value=
ac_cv_env_CXX_set=
ac_cv_env_CXX_value=
ac_cv_env_LDFLAGS_set=
ac_cv_env_LDFLAGS_value=
ac_cv_env_LIBS_set=
ac_cv_env_LIBS_value=
ac_cv_env_build_alias_set=
ac_cv_env_build_alias_value=
ac_cv_env_host_alias_set=
ac_cv_env_host_alias_value=
ac_cv_env_target_alias_set=
ac_cv_env_target_alias_value=
ac_cv_header_linux_fanotify_h=yes
ac_cv_host=x86_64-pc-linux-gnu
ac_cv_lib_audit_audit_log_user_avc_message=yes
ac_cv_lib_cap_cap_init=yes
ac_cv_lib_selinux_is_selinux_enabled=yes
ac_cv_objext=o
ac_cv_path_BASH_SHELL=/bin/bash
ac_cv_path_INSTALL_INFO=/usr/bin/install-info
ac_cv_path_PERL=/usr/bin/perl
ac_cv_path_install='/usr/bin/install -c'
ac_cv_prog_AS=as
ac_cv_prog_AWK=gawk
ac_cv_prog_BISON=bison
ac_cv_prog_LD=ld
ac_cv_prog_MAKE=make
ac_cv_prog_MAKEINFO=makeinfo
ac_cv_prog_MSGFMT=msgfmt
ac_cv_prog_SED=sed
ac_cv_prog_ac_ct_CC=gcc
ac_cv_prog_ac_ct_CXX=g++
ac_cv_prog_ac_ct_NM=nm
ac_cv_prog_ac_ct_READELF=readelf
ac_cv_prog_cc_g=yes
ac_cv_prog_cxx_g=yes
libc_cv_as_noexecstack=yes
libc_cv_asm_avx512=yes
libc_cv_asm_mpx=yes
libc_cv_asm_set_directive=yes
libc_cv_broken_alias_attribute=no
libc_cv_builtin_trap=yes
libc_cv_cc_avx512=yes
libc_cv_cc_loop_to_function=yes
libc_cv_cc_nofma=-ffp-contract=off
libc_cv_cc_with_libunwind=no
libc_cv_compiler_ok=yes
libc_cv_ctors_header=no
libc_cv_cxx_link_ok=yes
libc_cv_cxx_thread_local=yes
libc_cv_ehdr_start=yes
libc_cv_fno_toplevel_reorder=yes
libc_cv_fpie=yes
libc_cv_gcc_builtin_memset=yes
libc_cv_gcc_builtin_redirection=yes
libc_cv_gcc_unwind_find_fde=no
libc_cv_has_glob_dat=yes
libc_cv_hashstyle=yes
libc_cv_have_sdata_section=no
libc_cv_have_section_quotes=no
libc_cv_idn=no
libc_cv_ld_gnu_indirect_function=yes
libc_cv_linux2632='2.6.32 or later'
libc_cv_localstatedir='${prefix}/var'
libc_cv_nss_crypt=no
libc_cv_output_format=elf64-x86-64
libc_cv_pic_default=yes
libc_cv_pie_default=yes
libc_cv_predef_fortify_source=yes
libc_cv_predef_stack_protector=yes
libc_cv_prog_as_gnu=yes
libc_cv_prog_ld_gnu=yes
libc_cv_protected_data=yes
libc_cv_ssp=yes
libc_cv_ssp_strong=yes
libc_cv_sysconfdir='${prefix}/etc'
libc_cv_use_default_link=yes
libc_cv_x32=no
libc_cv_z_combreloc=yes
libc_cv_z_execstack=yes

## ----------------- ##
## Output variables. ##
## ----------------- ##

AR='ar'
AS='as'
ASFLAGS_config=' -Wa,--noexecstack'
AUTOCONF='no'
AWK='gawk'
BASH_SHELL='/bin/bash'
BISON='bison'
BUILD_CC=''
CC='gcc'
CFLAGS='-g -O2'
CPP='gcc -E'
CPPFLAGS=''
CPPUNDEFS='-U_FORTIFY_SOURCE'
CXX='g++'
CXXFLAGS='-g -O2'
CXX_SYSINCLUDES=''
DEFINES=''
DEFS='-DHAVE_CONFIG_H'
ECHO_C=''
ECHO_N='-n'
ECHO_T=''
INSTALL_DATA='${INSTALL} -m 644'
INSTALL_INFO='/usr/bin/install-info'
INSTALL_PROGRAM='${INSTALL}'
INSTALL_SCRIPT='${INSTALL}'
LD='ld'
LDFLAGS=''
LIBGD='no'
LIBOBJS=''
LIBS=''
LN_S='ln -s'
LTLIBOBJS=''
MAKE='make'
MAKEINFO='makeinfo'
MSGFMT='msgfmt'
NM='nm'
OBJCOPY='objcopy'
OBJDUMP='objdump'
OBJEXT='o'
PACKAGE_BUGREPORT='http://sourceware.org/bugzilla/'
PACKAGE_NAME='GNU C Library'
PACKAGE_STRING='GNU C Library (see version.h)'
PACKAGE_TARNAME='glibc'
PACKAGE_URL='http://www.gnu.org/software/glibc/'
PACKAGE_VERSION='(see version.h)'
PATH_SEPARATOR=':'
PERL='/usr/bin/perl'
PKGVERSION='(GNU libc) '
PKGVERSION_TEXI='(GNU libc) '
READELF='readelf'
RELEASE='stable'
REPORT_BUGS_TEXI='@uref{http://www.gnu.org/software/libc/bugs.html}'
REPORT_BUGS_TO='<http://www.gnu.org/software/libc/bugs.html>'
SED='sed'
SHELL='/bin/bash'
SYSINCLUDES=''
VERSION='2.23'
ac_ct_CC='gcc'
ac_ct_CXX='g++'
add_on_subdirs=' libidn libpthread'
add_ons='debian libidn libpthread'
all_warnings=''
base_machine='x86_64'
bindir='${exec_prefix}/bin'
bindnow='no'
build='x86_64-pc-linux-gnu'
build_alias=''
build_cpu='x86_64'
build_nscd='yes'
build_os='linux-gnu'
build_pt_chown='no'
build_vendor='pc'
cross_compiling='no'
datadir='${datarootdir}'
datarootdir='${prefix}/share'
docdir='${datarootdir}/doc/${PACKAGE_TARNAME}'
dvidir='${docdir}'
enable_lock_elision='no'
enable_timezone_tools='yes'
enable_werror='yes'
exec_prefix='${prefix}'
fno_unit_at_a_time='-fno-toplevel-reorder -fno-section-anchors'
force_install='yes'
hardcoded_path_in_tests='no'
have_libaudit='yes'
have_libcap='yes'
have_selinux='yes'
host='x86_64-pc-linux-gnu'
host_alias=''
host_cpu='x86_64'
host_os='linux-gnu'
host_vendor='pc'
htmldir='${docdir}'
includedir='${prefix}/include'
infodir='${datarootdir}/info'
ldd_rewrite_script='sysdeps/unix/sysv/linux/x86_64/ldd-rewrite.sed'
libc_cv_cc_loop_to_function='yes'
libc_cv_cc_nofma='-ffp-contract=off'
libc_cv_cc_submachine=''
libc_cv_cc_with_libunwind='no'
libc_cv_complocaledir=''
libc_cv_cxx_thread_local='yes'
libc_cv_fpie='yes'
libc_cv_gcc_unwind_find_fde='no'
libc_cv_has_glob_dat='yes'
libc_cv_hashstyle='yes'
libc_cv_localstatedir='${prefix}/var'
libc_cv_nss_crypt='no'
libc_cv_output_format='elf64-x86-64'
libc_cv_pic_default='yes'
libc_cv_pie_default='yes'
libc_cv_protected_data='yes'
libc_cv_rootsbindir=''
libc_cv_rtlddir=''
libc_cv_slibdir=''
libc_cv_sysconfdir='${prefix}/etc'
libc_cv_z_combreloc='yes'
libc_cv_z_execstack='yes'
libc_extra_cflags=' -fno-stack-protector'
libc_extra_cppflags=''
libdir='${exec_prefix}/lib'
libexecdir='${exec_prefix}/libexec'
link_obsolete_rpc='no'
localedir='${datarootdir}/locale'
localstatedir='${prefix}/var'
mach_interface_list=''
mandir='${datarootdir}/man'
multi_arch='default'
oldincludedir='/usr/include'
pdfdir='${docdir}'
prefix='/dbg'
profile='no'
program_transform_name='s,x,x,'
psdir='${docdir}'
sbindir='${exec_prefix}/sbin'
shared='yes'
sharedstatedir='${prefix}/com'
stack_protector='-fstack-protector-strong'
static=''
static_nss='no'
subdirs='  '
submachine=''
sysconfdir='${prefix}/etc'
sysdeps_add_ons=' debian libpthread'
sysheaders=''
sysnames=' sysdeps/unix/sysv/linux/x86_64/64 sysdeps/unix/sysv/linux/x86_64 sysdeps/unix/sysv/linux/x86 sysdeps/unix/sysv/linux/wordsize-64 sysdeps/x86_64/nptl sysdeps/unix/sysv/linux sysdeps/nptl sysdeps/pthread libpthread/sysdeps/pthread sysdeps/gnu sysdeps/unix/inet sysdeps/unix/sysv sysdeps/unix/x86_64 sysdeps/unix sysdeps/posix libpthread/sysdeps/posix sysdeps/x86_64/64 sysdeps/x86_64/fpu/multiarch sysdeps/x86_64/fpu sysdeps/x86/fpu sysdeps/x86_64/multiarch sysdeps/x86_64 sysdeps/x86 sysdeps/ieee754/ldbl-96 sysdeps/ieee754/dbl-64/wordsize-64 sysdeps/ieee754/dbl-64 sysdeps/ieee754/flt-32 sysdeps/wordsize-64 sysdeps/ieee754 sysdeps/generic'
target_alias=''
use_default_link='yes'
use_ldconfig='yes'
use_nscd='yes'
with_fp='yes'

## ----------- ##
## confdefs.h. ##
## ----------- ##

/* confdefs.h */
#define PACKAGE_NAME "GNU C Library"
#define PACKAGE_TARNAME "glibc"
#define PACKAGE_VERSION "(see version.h)"
#define PACKAGE_STRING "GNU C Library (see version.h)"
#define PACKAGE_BUGREPORT "http://sourceware.org/bugzilla/"
#define PACKAGE_URL "http://www.gnu.org/software/glibc/"
#define PKGVERSION "(GNU libc) "
#define REPORT_BUGS_TO "<http://www.gnu.org/software/libc/bugs.html>"
#define HAVE_LIBIDN 1
#define USE_MULTIARCH 1
#define HAVE_ASM_SET_DIRECTIVE 1
#define NO_CTORS_DTORS_SECTIONS 1
#define HAVE_Z_COMBRELOC 1
#define HAVE_BUILTIN_MEMSET 1
#define HAVE_CC_INHIBIT_LOOP_TO_LIBCALL 1
#define HAVE_SELINUX 1
#define HAVE_LIBAUDIT 1
#define HAVE_LIBCAP 1
#define HAVE_EHDR_START 1
#define HAVE_BUILTIN_TRAP 1
#define __LINUX_KERNEL_VERSION (2 * 65536 + 6 * 256 + 32)
#define __ABI_TAG_VERSION 2,6,32
#define HAVE_LINUX_FANOTIFY_H 1
#define HAVE_INLINED_SYSCALLS 1
#define HAVE_AVX512_ASM_SUPPORT 1
#define HAVE_AVX512_SUPPORT 1
#define HAVE_MPX_SUPPORT 1
#define PI_STATIC_AND_HIDDEN 1
#define HAVE_IFUNC 1
#define USE_NSCD 1
#define USE_LDCONFIG 1

configure: exit 0
